<?xml version="1.0" encoding="UTF-8"?>
<!-- Generated by org.testng.reporters.JUnitReportReporter -->
<testsuite skipped="0" hostname="DESKTOP-BCB52JF" name="Framework.project.base" tests="1" failures="0" timestamp="2021-01-03T13:53:55 IST" time="0.061" errors="0">
  <testcase name="Initialize" time="0.061" classname="Framework.project.base"/>
  <system-out/>
</testsuite> <!-- Framework.project.base -->
