<?xml version="1.0" encoding="UTF-8"?>
<!-- Generated by org.testng.reporters.JUnitReportReporter -->
<testsuite skipped="0" hostname="DESKTOP-BCB52JF" name="Framework.project.VerifyNav" tests="1" failures="0" timestamp="2021-01-07T15:50:13 IST" time="2.761" errors="0">
  <testcase name="validateNav" time="2.761" classname="Framework.project.VerifyNav"/>
  <system-out/>
</testsuite> <!-- Framework.project.VerifyNav -->
